{"level":"info","message":"Hello from Acquisitions!","service":"acquisitions-api","timestamp":"2025-11-17T02:58:50.428Z"}
{"level":"info","message":"::1 - - [17/Nov/2025:02:58:50 +0000] \"GET / HTTP/1.1\" 304 - \"-\" \"Mozilla/5.0 (X11; Linux x86_64) AppleWebKit/537.36 (KHTML, like Gecko) Chrome/142.0.0.0 Safari/537.36\"","service":"acquisitions-api","timestamp":"2025-11-17T02:58:50.449Z"}
{"level":"info","message":"Hello from Acquisitions!","service":"acquisitions-api","timestamp":"2025-11-17T03:19:09.049Z"}
{"level":"info","message":"::1 - - [17/Nov/2025:03:19:09 +0000] \"GET / HTTP/1.1\" 304 - \"-\" \"Mozilla/5.0 (X11; Linux x86_64) AppleWebKit/537.36 (KHTML, like Gecko) Chrome/142.0.0.0 Safari/537.36\"","service":"acquisitions-api","timestamp":"2025-11-17T03:19:09.073Z"}
{"level":"info","message":"Hello from Acquisitions!","service":"acquisitions-api","timestamp":"2025-11-17T05:12:02.800Z"}
{"level":"info","message":"::1 - - [17/Nov/2025:05:12:02 +0000] \"GET / HTTP/1.1\" 304 - \"-\" \"Mozilla/5.0 (X11; Linux x86_64) AppleWebKit/537.36 (KHTML, like Gecko) Chrome/142.0.0.0 Safari/537.36\"","service":"acquisitions-api","timestamp":"2025-11-17T05:12:02.820Z"}
{"level":"info","message":"Hello from Acquisitions!","service":"acquisitions-api","timestamp":"2025-11-17T05:15:08.607Z"}
{"level":"info","message":"::1 - - [17/Nov/2025:05:15:08 +0000] \"GET / HTTP/1.1\" 200 24 \"-\" \"PostmanRuntime/7.50.0\"","service":"acquisitions-api","timestamp":"2025-11-17T05:15:08.611Z"}
{"level":"info","message":"Hello from Acquisitions!","service":"acquisitions-api","timestamp":"2025-11-17T05:15:35.621Z"}
{"level":"info","message":"::1 - - [17/Nov/2025:05:15:35 +0000] \"GET / HTTP/1.1\" 200 24 \"-\" \"PostmanRuntime/7.50.0\"","service":"acquisitions-api","timestamp":"2025-11-17T05:15:35.624Z"}
{"level":"info","message":"::1 - - [17/Nov/2025:05:16:02 +0000] \"GET /api HTTP/1.1\" 200 42 \"-\" \"PostmanRuntime/7.50.0\"","service":"acquisitions-api","timestamp":"2025-11-17T05:16:02.978Z"}
{"level":"info","message":"::1 - - [17/Nov/2025:05:16:27 +0000] \"GET /health HTTP/1.1\" 200 77 \"-\" \"PostmanRuntime/7.50.0\"","service":"acquisitions-api","timestamp":"2025-11-17T05:16:27.115Z"}
{"level":"info","message":"::1 - - [17/Nov/2025:05:17:10 +0000] \"POST /api/auth/sign-in HTTP/1.1\" 200 31 \"-\" \"PostmanRuntime/7.50.0\"","service":"acquisitions-api","timestamp":"2025-11-17T05:17:10.999Z"}
{"level":"info","message":"::1 - - [17/Nov/2025:05:18:53 +0000] \"POST /api/auth/sign-up HTTP/1.1\" 400 92 \"-\" \"PostmanRuntime/7.50.0\"","service":"acquisitions-api","timestamp":"2025-11-17T05:18:53.414Z"}
{"level":"info","message":"::1 - - [17/Nov/2025:05:23:46 +0000] \"POST /api/auth/sign-up HTTP/1.1\" 400 144 \"-\" \"PostmanRuntime/7.50.0\"","service":"acquisitions-api","timestamp":"2025-11-17T05:23:46.168Z"}
{"level":"info","message":"::1 - - [17/Nov/2025:05:24:55 +0000] \"POST /api/auth/sign-up HTTP/1.1\" 400 89 \"-\" \"PostmanRuntime/7.50.0\"","service":"acquisitions-api","timestamp":"2025-11-17T05:24:55.703Z"}
{"level":"info","message":"User customer+1@example.com created successfully","service":"acquisitions-api","timestamp":"2025-11-17T05:25:21.068Z"}
{"level":"error","message":"Signup error jwttoken is not defined","service":"acquisitions-api","stack":"ReferenceError: jwttoken is not defined\n    at signup (file:///home/me/Desktop/WebstormProjects/acquisitions/src/controllers/auth.controller.js:21:17)\n    at process.processTicksAndRejections (node:internal/process/task_queues:105:5)","timestamp":"2025-11-17T05:25:21.069Z"}
{"level":"info","message":"::1 - - [17/Nov/2025:05:25:21 +0000] \"POST /api/auth/sign-up HTTP/1.1\" 500 386 \"-\" \"PostmanRuntime/7.50.0\"","service":"acquisitions-api","timestamp":"2025-11-17T05:25:21.073Z"}
{"level":"error","message":"Error creating the user: Error: Failed query: insert into \"users\" (\"id\", \"name\", \"email\", \"password\", \"role\", \"created_at\", \"updated_at\") values (default, $1, $2, $3, $4, default, default) returning \"id\", \"name\", \"email\", \"role\", \"created_at\"\nparams: customer1,customer+1@example.com,$2b$10$MG5voT88E8CUlTGKdtz3celFlCdq8TjLDkP1p9C1wYqbHCuMPO53e,admin","service":"acquisitions-api","timestamp":"2025-11-17T05:28:06.203Z"}
{"cause":{"code":"23505","constraint":"users_email_unique","detail":"Key (email)=(customer+1@example.com) already exists.","file":"nbtinsert.c","line":"667","name":"NeonDbError","routine":"_bt_check_unique","schema":"public","severity":"ERROR","table":"users"},"level":"error","message":"Signup error Failed query: insert into \"users\" (\"id\", \"name\", \"email\", \"password\", \"role\", \"created_at\", \"updated_at\") values (default, $1, $2, $3, $4, default, default) returning \"id\", \"name\", \"email\", \"role\", \"created_at\"\nparams: customer1,customer+1@example.com,$2b$10$MG5voT88E8CUlTGKdtz3celFlCdq8TjLDkP1p9C1wYqbHCuMPO53e,admin","params":["customer1","customer+1@example.com","$2b$10$MG5voT88E8CUlTGKdtz3celFlCdq8TjLDkP1p9C1wYqbHCuMPO53e","admin"],"query":"insert into \"users\" (\"id\", \"name\", \"email\", \"password\", \"role\", \"created_at\", \"updated_at\") values (default, $1, $2, $3, $4, default, default) returning \"id\", \"name\", \"email\", \"role\", \"created_at\"","service":"acquisitions-api","stack":"Error: Failed query: insert into \"users\" (\"id\", \"name\", \"email\", \"password\", \"role\", \"created_at\", \"updated_at\") values (default, $1, $2, $3, $4, default, default) returning \"id\", \"name\", \"email\", \"role\", \"created_at\"\nparams: customer1,customer+1@example.com,$2b$10$MG5voT88E8CUlTGKdtz3celFlCdq8TjLDkP1p9C1wYqbHCuMPO53e,admin\n    at NeonHttpPreparedQuery.queryWithCache (file:///home/me/Desktop/WebstormProjects/acquisitions/node_modules/drizzle-orm/pg-core/session.js:41:15)\n    at process.processTicksAndRejections (node:internal/process/task_queues:105:5)\n    at async NeonHttpPreparedQuery.execute (file:///home/me/Desktop/WebstormProjects/acquisitions/node_modules/drizzle-orm/neon-http/session.js:45:20)\n    at async createUser (file:///home/me/Desktop/WebstormProjects/acquisitions/src/services/auth.service.js:24:21)\n    at async signup (file:///home/me/Desktop/WebstormProjects/acquisitions/src/controllers/auth.controller.js:19:16)","timestamp":"2025-11-17T05:28:06.206Z"}
{"level":"info","message":"::1 - - [17/Nov/2025:05:28:06 +0000] \"POST /api/auth/sign-up HTTP/1.1\" 500 1266 \"-\" \"PostmanRuntime/7.50.0\"","service":"acquisitions-api","timestamp":"2025-11-17T05:28:06.216Z"}
{"level":"error","message":"Error creating the user: Error: Failed query: insert into \"users\" (\"id\", \"name\", \"email\", \"password\", \"role\", \"created_at\", \"updated_at\") values (default, $1, $2, $3, $4, default, default) returning \"id\", \"name\", \"email\", \"role\", \"created_at\"\nparams: customer1,customer+1@example.com,$2b$10$lsRGFBRaHoFP1vDXigu2KezZl6IJ01o/l4vW6KAbiZRVwRdPKy25a,admin","service":"acquisitions-api","timestamp":"2025-11-17T17:42:37.356Z"}
{"cause":{"code":"23505","constraint":"users_email_unique","detail":"Key (email)=(customer+1@example.com) already exists.","file":"nbtinsert.c","line":"667","name":"NeonDbError","routine":"_bt_check_unique","schema":"public","severity":"ERROR","table":"users"},"level":"error","message":"Signup error Failed query: insert into \"users\" (\"id\", \"name\", \"email\", \"password\", \"role\", \"created_at\", \"updated_at\") values (default, $1, $2, $3, $4, default, default) returning \"id\", \"name\", \"email\", \"role\", \"created_at\"\nparams: customer1,customer+1@example.com,$2b$10$lsRGFBRaHoFP1vDXigu2KezZl6IJ01o/l4vW6KAbiZRVwRdPKy25a,admin","params":["customer1","customer+1@example.com","$2b$10$lsRGFBRaHoFP1vDXigu2KezZl6IJ01o/l4vW6KAbiZRVwRdPKy25a","admin"],"query":"insert into \"users\" (\"id\", \"name\", \"email\", \"password\", \"role\", \"created_at\", \"updated_at\") values (default, $1, $2, $3, $4, default, default) returning \"id\", \"name\", \"email\", \"role\", \"created_at\"","service":"acquisitions-api","stack":"Error: Failed query: insert into \"users\" (\"id\", \"name\", \"email\", \"password\", \"role\", \"created_at\", \"updated_at\") values (default, $1, $2, $3, $4, default, default) returning \"id\", \"name\", \"email\", \"role\", \"created_at\"\nparams: customer1,customer+1@example.com,$2b$10$lsRGFBRaHoFP1vDXigu2KezZl6IJ01o/l4vW6KAbiZRVwRdPKy25a,admin\n    at NeonHttpPreparedQuery.queryWithCache (file:///home/me/Desktop/WebstormProjects/acquisitions/node_modules/drizzle-orm/pg-core/session.js:41:15)\n    at process.processTicksAndRejections (node:internal/process/task_queues:105:5)\n    at async NeonHttpPreparedQuery.execute (file:///home/me/Desktop/WebstormProjects/acquisitions/node_modules/drizzle-orm/neon-http/session.js:45:20)\n    at async createUser (file:///home/me/Desktop/WebstormProjects/acquisitions/src/services/auth.service.js:24:21)\n    at async signup (file:///home/me/Desktop/WebstormProjects/acquisitions/src/controllers/auth.controller.js:19:16)","timestamp":"2025-11-17T17:42:37.363Z"}
{"level":"info","message":"::1 - - [17/Nov/2025:17:42:37 +0000] \"POST /api/auth/sign-up HTTP/1.1\" 500 1266 \"-\" \"PostmanRuntime/7.50.0\"","service":"acquisitions-api","timestamp":"2025-11-17T17:42:37.374Z"}
{"level":"error","message":"Error creating the user: Error: Failed query: insert into \"users\" (\"id\", \"name\", \"email\", \"password\", \"role\", \"created_at\", \"updated_at\") values (default, $1, $2, $3, $4, default, default) returning \"id\", \"name\", \"email\", \"role\", \"created_at\"\nparams: customer1,customer+1@example.com,$2b$10$v81fGe2FS29aOy1wTeLC7..s4R5bEahp4NpNcw44BLpWqXTw2p5oC,admin","service":"acquisitions-api","timestamp":"2025-11-17T17:47:30.975Z"}
{"cause":{"code":"23505","constraint":"users_email_unique","detail":"Key (email)=(customer+1@example.com) already exists.","file":"nbtinsert.c","line":"667","name":"NeonDbError","routine":"_bt_check_unique","schema":"public","severity":"ERROR","table":"users"},"level":"error","message":"Signup error Failed query: insert into \"users\" (\"id\", \"name\", \"email\", \"password\", \"role\", \"created_at\", \"updated_at\") values (default, $1, $2, $3, $4, default, default) returning \"id\", \"name\", \"email\", \"role\", \"created_at\"\nparams: customer1,customer+1@example.com,$2b$10$v81fGe2FS29aOy1wTeLC7..s4R5bEahp4NpNcw44BLpWqXTw2p5oC,admin","params":["customer1","customer+1@example.com","$2b$10$v81fGe2FS29aOy1wTeLC7..s4R5bEahp4NpNcw44BLpWqXTw2p5oC","admin"],"query":"insert into \"users\" (\"id\", \"name\", \"email\", \"password\", \"role\", \"created_at\", \"updated_at\") values (default, $1, $2, $3, $4, default, default) returning \"id\", \"name\", \"email\", \"role\", \"created_at\"","service":"acquisitions-api","stack":"Error: Failed query: insert into \"users\" (\"id\", \"name\", \"email\", \"password\", \"role\", \"created_at\", \"updated_at\") values (default, $1, $2, $3, $4, default, default) returning \"id\", \"name\", \"email\", \"role\", \"created_at\"\nparams: customer1,customer+1@example.com,$2b$10$v81fGe2FS29aOy1wTeLC7..s4R5bEahp4NpNcw44BLpWqXTw2p5oC,admin\n    at NeonHttpPreparedQuery.queryWithCache (file:///home/me/Desktop/WebstormProjects/acquisitions/node_modules/drizzle-orm/pg-core/session.js:41:15)\n    at process.processTicksAndRejections (node:internal/process/task_queues:105:5)\n    at async NeonHttpPreparedQuery.execute (file:///home/me/Desktop/WebstormProjects/acquisitions/node_modules/drizzle-orm/neon-http/session.js:45:20)\n    at async createUser (file:///home/me/Desktop/WebstormProjects/acquisitions/src/services/auth.service.js:24:21)\n    at async signup (file:///home/me/Desktop/WebstormProjects/acquisitions/src/controllers/auth.controller.js:19:16)","timestamp":"2025-11-17T17:47:30.976Z"}
{"level":"info","message":"::1 - - [17/Nov/2025:17:47:30 +0000] \"POST /api/auth/sign-up HTTP/1.1\" 500 1266 \"-\" \"PostmanRuntime/7.50.0\"","service":"acquisitions-api","timestamp":"2025-11-17T17:47:30.981Z"}
{"level":"info","message":"User customer+2@example.com created successfully","service":"acquisitions-api","timestamp":"2025-11-17T17:58:00.457Z"}
{"level":"error","message":"Signup error jwttoken is not defined","service":"acquisitions-api","stack":"ReferenceError: jwttoken is not defined\n    at signup (file:///home/me/Desktop/WebstormProjects/acquisitions/src/controllers/auth.controller.js:21:17)\n    at process.processTicksAndRejections (node:internal/process/task_queues:105:5)","timestamp":"2025-11-17T17:58:00.462Z"}
{"level":"info","message":"::1 - - [17/Nov/2025:17:58:00 +0000] \"POST /api/auth/sign-up HTTP/1.1\" 500 386 \"-\" \"PostmanRuntime/7.50.0\"","service":"acquisitions-api","timestamp":"2025-11-17T17:58:00.472Z"}
{"level":"info","message":"User customer+2@example.com created successfully","service":"acquisitions-api","timestamp":"2025-11-17T18:02:28.895Z"}
{"level":"error","message":"Signup error jwttoken is not defined","service":"acquisitions-api","stack":"ReferenceError: jwttoken is not defined\n    at signup (file:///home/me/Desktop/WebstormProjects/acquisitions/src/controllers/auth.controller.js:22:17)\n    at process.processTicksAndRejections (node:internal/process/task_queues:105:5)","timestamp":"2025-11-17T18:02:28.902Z"}
{"level":"info","message":"::1 - - [17/Nov/2025:18:02:28 +0000] \"POST /api/auth/sign-up HTTP/1.1\" 500 386 \"-\" \"PostmanRuntime/7.50.0\"","service":"acquisitions-api","timestamp":"2025-11-17T18:02:28.911Z"}
{"level":"info","message":"User customer+2@example.com created successfully","service":"acquisitions-api","timestamp":"2025-11-17T18:23:05.880Z"}
{"level":"error","message":"Signup error error is not defined","service":"acquisitions-api","stack":"ReferenceError: error is not defined\n    at Object.sign (file:///home/me/Desktop/WebstormProjects/acquisitions/src/utils/jwt.js:12:49)\n    at signup (file:///home/me/Desktop/WebstormProjects/acquisitions/src/controllers/auth.controller.js:24:26)\n    at process.processTicksAndRejections (node:internal/process/task_queues:105:5)","timestamp":"2025-11-17T18:23:05.890Z"}
{"level":"info","message":"::1 - - [17/Nov/2025:18:23:05 +0000] \"POST /api/auth/sign-up HTTP/1.1\" 500 494 \"-\" \"PostmanRuntime/7.50.0\"","service":"acquisitions-api","timestamp":"2025-11-17T18:23:05.901Z"}
{"level":"error","message":"Error creating the user: Error: Failed query: insert into \"users\" (\"id\", \"name\", \"email\", \"password\", \"role\", \"created_at\", \"updated_at\") values (default, $1, $2, $3, $4, default, default) returning \"id\", \"name\", \"email\", \"role\", \"created_at\"\nparams: customer2,customer+2@example.com,$2b$10$hz0pWhxWD4ZwDdIzeEOn7eZsSeoBTF6N7dQDXd7VPW0lzA7JnuP/y,user","service":"acquisitions-api","timestamp":"2025-11-17T18:45:47.028Z"}
{"cause":{"code":"23505","constraint":"users_email_unique","detail":"Key (email)=(customer+2@example.com) already exists.","file":"nbtinsert.c","line":"667","name":"NeonDbError","routine":"_bt_check_unique","schema":"public","severity":"ERROR","table":"users"},"level":"error","message":"Signup error Failed query: insert into \"users\" (\"id\", \"name\", \"email\", \"password\", \"role\", \"created_at\", \"updated_at\") values (default, $1, $2, $3, $4, default, default) returning \"id\", \"name\", \"email\", \"role\", \"created_at\"\nparams: customer2,customer+2@example.com,$2b$10$hz0pWhxWD4ZwDdIzeEOn7eZsSeoBTF6N7dQDXd7VPW0lzA7JnuP/y,user","params":["customer2","customer+2@example.com","$2b$10$hz0pWhxWD4ZwDdIzeEOn7eZsSeoBTF6N7dQDXd7VPW0lzA7JnuP/y","user"],"query":"insert into \"users\" (\"id\", \"name\", \"email\", \"password\", \"role\", \"created_at\", \"updated_at\") values (default, $1, $2, $3, $4, default, default) returning \"id\", \"name\", \"email\", \"role\", \"created_at\"","service":"acquisitions-api","stack":"Error: Failed query: insert into \"users\" (\"id\", \"name\", \"email\", \"password\", \"role\", \"created_at\", \"updated_at\") values (default, $1, $2, $3, $4, default, default) returning \"id\", \"name\", \"email\", \"role\", \"created_at\"\nparams: customer2,customer+2@example.com,$2b$10$hz0pWhxWD4ZwDdIzeEOn7eZsSeoBTF6N7dQDXd7VPW0lzA7JnuP/y,user\n    at NeonHttpPreparedQuery.queryWithCache (file:///home/me/Desktop/WebstormProjects/acquisitions/node_modules/drizzle-orm/pg-core/session.js:41:15)\n    at process.processTicksAndRejections (node:internal/process/task_queues:105:5)\n    at async NeonHttpPreparedQuery.execute (file:///home/me/Desktop/WebstormProjects/acquisitions/node_modules/drizzle-orm/neon-http/session.js:45:20)\n    at async createUser (file:///home/me/Desktop/WebstormProjects/acquisitions/src/services/auth.service.js:24:21)\n    at async signup (file:///home/me/Desktop/WebstormProjects/acquisitions/src/controllers/auth.controller.js:22:16)","timestamp":"2025-11-17T18:45:47.034Z"}
{"level":"info","message":"::1 - - [17/Nov/2025:18:45:47 +0000] \"POST /api/auth/sign-up HTTP/1.1\" 500 1265 \"-\" \"PostmanRuntime/7.50.0\"","service":"acquisitions-api","timestamp":"2025-11-17T18:45:47.044Z"}
{"level":"info","message":"User customer+2@example.com created successfully","service":"acquisitions-api","timestamp":"2025-11-17T18:49:32.324Z"}
{"level":"error","message":"Failed to authenticate token \"expiresIn\" should be a number of seconds or string representing a timespan eg: \"1d\", \"20h\", 60","service":"acquisitions-api","stack":"Error: \"expiresIn\" should be a number of seconds or string representing a timespan eg: \"1d\", \"20h\", 60\n    at module.exports [as sign] (/home/me/Desktop/WebstormProjects/acquisitions/node_modules/jsonwebtoken/sign.js:213:22)\n    at Object.sign (file:///home/me/Desktop/WebstormProjects/acquisitions/src/utils/jwt.js:10:15)\n    at signup (file:///home/me/Desktop/WebstormProjects/acquisitions/src/controllers/auth.controller.js:24:26)\n    at process.processTicksAndRejections (node:internal/process/task_queues:105:5)","timestamp":"2025-11-17T18:49:32.330Z"}
{"level":"error","message":"Signup error Failed to authenticate token","service":"acquisitions-api","stack":"Error: Failed to authenticate token\n    at Object.sign (file:///home/me/Desktop/WebstormProjects/acquisitions/src/utils/jwt.js:13:10)\n    at signup (file:///home/me/Desktop/WebstormProjects/acquisitions/src/controllers/auth.controller.js:24:26)\n    at process.processTicksAndRejections (node:internal/process/task_queues:105:5)","timestamp":"2025-11-17T18:49:32.331Z"}
{"level":"info","message":"::1 - - [17/Nov/2025:18:49:32 +0000] \"POST /api/auth/sign-up HTTP/1.1\" 500 493 \"-\" \"PostmanRuntime/7.50.0\"","service":"acquisitions-api","timestamp":"2025-11-17T18:49:32.334Z"}
{"level":"info","message":"User customer+2@example.com created successfully","service":"acquisitions-api","timestamp":"2025-11-17T18:52:37.652Z"}
{"level":"info","message":"User registered successfully: customer+2@example.com","service":"acquisitions-api","timestamp":"2025-11-17T18:52:37.665Z"}
{"level":"info","message":"::1 - - [17/Nov/2025:18:52:37 +0000] \"POST /api/auth/sign-up HTTP/1.1\" 201 112 \"-\" \"PostmanRuntime/7.50.0\"","service":"acquisitions-api","timestamp":"2025-11-17T18:52:37.676Z"}
{"level":"info","message":"User customer+3@example.com created successfully","service":"acquisitions-api","timestamp":"2025-11-17T18:53:46.021Z"}
{"level":"info","message":"User registered successfully: customer+3@example.com","service":"acquisitions-api","timestamp":"2025-11-17T18:53:46.023Z"}
{"level":"info","message":"::1 - - [17/Nov/2025:18:53:46 +0000] \"POST /api/auth/sign-up HTTP/1.1\" 201 113 \"-\" \"PostmanRuntime/7.50.0\"","service":"acquisitions-api","timestamp":"2025-11-17T18:53:46.025Z"}
{"level":"info","message":"::1 - - [17/Nov/2025:19:01:22 +0000] \"POST / HTTP/1.1\" 404 140 \"-\" \"PostmanRuntime/7.50.0\"","service":"acquisitions-api","timestamp":"2025-11-17T19:01:22.465Z"}
{"level":"info","message":"Hello from Acquisitions!","service":"acquisitions-api","timestamp":"2025-11-17T19:01:41.278Z"}
{"level":"info","message":"::1 - - [17/Nov/2025:19:01:41 +0000] \"GET / HTTP/1.1\" 200 24 \"-\" \"PostmanRuntime/7.50.0\"","service":"acquisitions-api","timestamp":"2025-11-17T19:01:41.281Z"}
{"level":"info","message":"::1 - - [17/Nov/2025:19:01:55 +0000] \"GET /api HTTP/1.1\" 200 42 \"-\" \"PostmanRuntime/7.50.0\"","service":"acquisitions-api","timestamp":"2025-11-17T19:01:55.405Z"}
{"level":"info","message":"::1 - - [17/Nov/2025:19:25:47 +0000] \"POST /api/auth/sign-in HTTP/1.1\" 200 31 \"-\" \"PostmanRuntime/7.50.0\"","service":"acquisitions-api","timestamp":"2025-11-17T19:25:47.266Z"}
{"level":"info","message":"User customer+3@example.com authenticated successfully","service":"acquisitions-api","timestamp":"2025-11-17T20:14:52.044Z"}
{"level":"info","message":"User signed in successfully: customer+3@example.com","service":"acquisitions-api","timestamp":"2025-11-17T20:14:52.055Z"}
{"level":"info","message":"::1 - - [17/Nov/2025:20:14:52 +0000] \"POST /api/auth/sign-in HTTP/1.1\" 200 125 \"-\" \"PostmanRuntime/7.50.0\"","service":"acquisitions-api","timestamp":"2025-11-17T20:14:52.065Z"}
{"level":"error","message":"Sign out error options is not defined","service":"acquisitions-api","stack":"ReferenceError: options is not defined\n    at Object.clear (file:///home/me/Desktop/WebstormProjects/acquisitions/src/utils/cookies.js:13:55)\n    at signOut (file:///home/me/Desktop/WebstormProjects/acquisitions/src/controllers/auth.controller.js:84:11)\n    at Layer.handleRequest (/home/me/Desktop/WebstormProjects/acquisitions/node_modules/router/lib/layer.js:152:17)\n    at next (/home/me/Desktop/WebstormProjects/acquisitions/node_modules/router/lib/route.js:157:13)\n    at Route.dispatch (/home/me/Desktop/WebstormProjects/acquisitions/node_modules/router/lib/route.js:117:3)\n    at handle (/home/me/Desktop/WebstormProjects/acquisitions/node_modules/router/index.js:435:11)\n    at Layer.handleRequest (/home/me/Desktop/WebstormProjects/acquisitions/node_modules/router/lib/layer.js:152:17)\n    at /home/me/Desktop/WebstormProjects/acquisitions/node_modules/router/index.js:295:15\n    at processParams (/home/me/Desktop/WebstormProjects/acquisitions/node_modules/router/index.js:582:12)\n    at next (/home/me/Desktop/WebstormProjects/acquisitions/node_modules/router/index.js:291:5)","timestamp":"2025-11-17T20:17:56.227Z"}
{"level":"info","message":"::1 - - [17/Nov/2025:20:17:56 +0000] \"POST /api/auth/sign-out HTTP/1.1\" 500 1344 \"-\" \"PostmanRuntime/7.50.0\"","service":"acquisitions-api","timestamp":"2025-11-17T20:17:56.234Z"}
{"level":"info","message":"Hello from Acquisitions!","service":"acquisitions-api","timestamp":"2025-11-17T20:22:57.353Z"}
{"level":"info","message":"::1 - - [17/Nov/2025:20:22:57 +0000] \"GET / HTTP/1.1\" 200 24 \"-\" \"PostmanRuntime/7.50.0\"","service":"acquisitions-api","timestamp":"2025-11-17T20:22:57.370Z"}
{"level":"info","message":"User signed out successfully","service":"acquisitions-api","timestamp":"2025-11-17T20:23:22.898Z"}
{"level":"info","message":"::1 - - [17/Nov/2025:20:23:22 +0000] \"POST /api/auth/sign-out HTTP/1.1\" 200 42 \"-\" \"PostmanRuntime/7.50.0\"","service":"acquisitions-api","timestamp":"2025-11-17T20:23:22.901Z"}
{"ip":"::1","level":"warn","message":"Bot request blocked","path":"/health","service":"acquisitions-api","timestamp":"2025-11-17T21:25:05.495Z","userAgent":"PostmanRuntime/7.50.0"}
{"level":"info","message":"::1 - - [17/Nov/2025:21:25:05 +0000] \"GET /health HTTP/1.1\" 403 68 \"-\" \"PostmanRuntime/7.50.0\"","service":"acquisitions-api","timestamp":"2025-11-17T21:25:05.510Z"}
{"ip":"::1","level":"warn","message":"Bot request blocked","path":"/health","service":"acquisitions-api","timestamp":"2025-11-17T21:25:51.425Z","userAgent":"PostmanRuntime/7.50.0"}
{"level":"info","message":"::1 - - [17/Nov/2025:21:25:51 +0000] \"GET /health HTTP/1.1\" 403 68 \"-\" \"PostmanRuntime/7.50.0\"","service":"acquisitions-api","timestamp":"2025-11-17T21:25:51.436Z"}
{"ip":"::1","level":"warn","message":"Bot request blocked","path":"/health","service":"acquisitions-api","timestamp":"2025-11-17T21:25:53.616Z","userAgent":"PostmanRuntime/7.50.0"}
{"level":"info","message":"::1 - - [17/Nov/2025:21:25:53 +0000] \"GET /health HTTP/1.1\" 403 68 \"-\" \"PostmanRuntime/7.50.0\"","service":"acquisitions-api","timestamp":"2025-11-17T21:25:53.618Z"}
{"ip":"::1","level":"warn","message":"Bot request blocked","path":"/health","service":"acquisitions-api","timestamp":"2025-11-17T21:30:41.368Z","userAgent":"PostmanRuntime/7.50.0"}
{"level":"info","message":"::1 - - [17/Nov/2025:21:30:41 +0000] \"GET /health HTTP/1.1\" 403 68 \"-\" \"PostmanRuntime/7.50.0\"","service":"acquisitions-api","timestamp":"2025-11-17T21:30:41.384Z"}
{"ip":"::1","level":"warn","message":"Bot request blocked","path":"/health","service":"acquisitions-api","timestamp":"2025-11-17T21:33:12.970Z","userAgent":"PostmanRuntime/7.50.0"}
{"level":"info","message":"::1 - - [17/Nov/2025:21:33:12 +0000] \"GET /health HTTP/1.1\" 403 68 \"-\" \"PostmanRuntime/7.50.0\"","service":"acquisitions-api","timestamp":"2025-11-17T21:33:12.974Z"}
{"ip":"::1","level":"warn","message":"Bot request blocked","path":"/health","service":"acquisitions-api","timestamp":"2025-11-17T21:33:21.179Z","userAgent":"PostmanRuntime/7.50.0"}
{"level":"info","message":"::1 - - [17/Nov/2025:21:33:21 +0000] \"GET /health HTTP/1.1\" 403 68 \"-\" \"PostmanRuntime/7.50.0\"","service":"acquisitions-api","timestamp":"2025-11-17T21:33:21.181Z"}
{"ip":"::1","level":"warn","message":"Bot request blocked","path":"/health","service":"acquisitions-api","timestamp":"2025-11-17T21:33:22.467Z","userAgent":"PostmanRuntime/7.50.0"}
{"level":"info","message":"::1 - - [17/Nov/2025:21:33:22 +0000] \"GET /health HTTP/1.1\" 403 68 \"-\" \"PostmanRuntime/7.50.0\"","service":"acquisitions-api","timestamp":"2025-11-17T21:33:22.470Z"}
{"ip":"::1","level":"warn","message":"Bot request blocked","path":"/health","service":"acquisitions-api","timestamp":"2025-11-17T21:33:23.675Z","userAgent":"PostmanRuntime/7.50.0"}
{"level":"info","message":"::1 - - [17/Nov/2025:21:33:23 +0000] \"GET /health HTTP/1.1\" 403 68 \"-\" \"PostmanRuntime/7.50.0\"","service":"acquisitions-api","timestamp":"2025-11-17T21:33:23.678Z"}
{"ip":"::1","level":"warn","message":"Bot request blocked","path":"/health","service":"acquisitions-api","timestamp":"2025-11-17T21:33:24.877Z","userAgent":"PostmanRuntime/7.50.0"}
{"level":"info","message":"::1 - - [17/Nov/2025:21:33:24 +0000] \"GET /health HTTP/1.1\" 403 68 \"-\" \"PostmanRuntime/7.50.0\"","service":"acquisitions-api","timestamp":"2025-11-17T21:33:24.880Z"}
{"ip":"::1","level":"warn","message":"Bot request blocked","path":"/health","service":"acquisitions-api","timestamp":"2025-11-17T21:33:26.039Z","userAgent":"PostmanRuntime/7.50.0"}
{"level":"info","message":"::1 - - [17/Nov/2025:21:33:26 +0000] \"GET /health HTTP/1.1\" 403 68 \"-\" \"PostmanRuntime/7.50.0\"","service":"acquisitions-api","timestamp":"2025-11-17T21:33:26.043Z"}
{"ip":"::1","level":"warn","message":"Bot request blocked","path":"/health","service":"acquisitions-api","timestamp":"2025-11-17T21:33:27.057Z","userAgent":"PostmanRuntime/7.50.0"}
{"level":"info","message":"::1 - - [17/Nov/2025:21:33:27 +0000] \"GET /health HTTP/1.1\" 403 68 \"-\" \"PostmanRuntime/7.50.0\"","service":"acquisitions-api","timestamp":"2025-11-17T21:33:27.059Z"}
{"ip":"::1","level":"warn","message":"Bot request blocked","path":"/health","service":"acquisitions-api","timestamp":"2025-11-17T21:33:28.233Z","userAgent":"PostmanRuntime/7.50.0"}
{"level":"info","message":"::1 - - [17/Nov/2025:21:33:28 +0000] \"GET /health HTTP/1.1\" 403 68 \"-\" \"PostmanRuntime/7.50.0\"","service":"acquisitions-api","timestamp":"2025-11-17T21:33:28.237Z"}
{"ip":"::1","level":"warn","message":"Bot request blocked","path":"/health","service":"acquisitions-api","timestamp":"2025-11-17T21:33:29.467Z","userAgent":"PostmanRuntime/7.50.0"}
{"level":"info","message":"::1 - - [17/Nov/2025:21:33:29 +0000] \"GET /health HTTP/1.1\" 403 68 \"-\" \"PostmanRuntime/7.50.0\"","service":"acquisitions-api","timestamp":"2025-11-17T21:33:29.471Z"}
{"ip":"::1","level":"warn","message":"Bot request blocked","path":"/health","service":"acquisitions-api","timestamp":"2025-11-17T21:33:30.754Z","userAgent":"PostmanRuntime/7.50.0"}
{"level":"info","message":"::1 - - [17/Nov/2025:21:33:30 +0000] \"GET /health HTTP/1.1\" 403 68 \"-\" \"PostmanRuntime/7.50.0\"","service":"acquisitions-api","timestamp":"2025-11-17T21:33:30.756Z"}
{"ip":"::1","level":"warn","message":"Bot request blocked","path":"/health","service":"acquisitions-api","timestamp":"2025-11-17T21:33:32.008Z","userAgent":"PostmanRuntime/7.50.0"}
{"level":"info","message":"::1 - - [17/Nov/2025:21:33:32 +0000] \"GET /health HTTP/1.1\" 403 68 \"-\" \"PostmanRuntime/7.50.0\"","service":"acquisitions-api","timestamp":"2025-11-17T21:33:32.010Z"}
{"ip":"::1","level":"warn","message":"Bot request blocked","path":"/health","service":"acquisitions-api","timestamp":"2025-11-17T21:33:33.218Z","userAgent":"PostmanRuntime/7.50.0"}
{"level":"info","message":"::1 - - [17/Nov/2025:21:33:33 +0000] \"GET /health HTTP/1.1\" 403 68 \"-\" \"PostmanRuntime/7.50.0\"","service":"acquisitions-api","timestamp":"2025-11-17T21:33:33.222Z"}
{"ip":"::1","level":"warn","message":"Bot request blocked","path":"/health","service":"acquisitions-api","timestamp":"2025-11-17T21:33:34.457Z","userAgent":"PostmanRuntime/7.50.0"}
{"level":"info","message":"::1 - - [17/Nov/2025:21:33:34 +0000] \"GET /health HTTP/1.1\" 403 68 \"-\" \"PostmanRuntime/7.50.0\"","service":"acquisitions-api","timestamp":"2025-11-17T21:33:34.461Z"}
{"ip":"::1","level":"warn","message":"Bot request blocked","path":"/health","service":"acquisitions-api","timestamp":"2025-11-17T21:33:35.743Z","userAgent":"PostmanRuntime/7.50.0"}
{"level":"info","message":"::1 - - [17/Nov/2025:21:33:35 +0000] \"GET /health HTTP/1.1\" 403 68 \"-\" \"PostmanRuntime/7.50.0\"","service":"acquisitions-api","timestamp":"2025-11-17T21:33:35.745Z"}
{"ip":"::1","level":"warn","message":"Bot request blocked","path":"/health","service":"acquisitions-api","timestamp":"2025-11-17T21:38:38.523Z","userAgent":"PostmanRuntime/7.50.0"}
{"level":"info","message":"::1 - - [17/Nov/2025:21:38:38 +0000] \"GET /health HTTP/1.1\" 403 68 \"-\" \"PostmanRuntime/7.50.0\"","service":"acquisitions-api","timestamp":"2025-11-17T21:38:38.525Z"}
{"level":"info","message":"::1 - - [17/Nov/2025:21:49:17 +0000] \"GET /health HTTP/1.1\" 200 75 \"-\" \"PostmanRuntime/7.50.0\"","service":"acquisitions-api","timestamp":"2025-11-17T21:49:17.681Z"}
{"level":"info","message":"::1 - - [17/Nov/2025:21:49:22 +0000] \"GET /health HTTP/1.1\" 200 76 \"-\" \"PostmanRuntime/7.50.0\"","service":"acquisitions-api","timestamp":"2025-11-17T21:49:22.141Z"}
{"level":"info","message":"::1 - - [17/Nov/2025:21:49:24 +0000] \"GET /health HTTP/1.1\" 200 75 \"-\" \"PostmanRuntime/7.50.0\"","service":"acquisitions-api","timestamp":"2025-11-17T21:49:24.206Z"}
{"level":"info","message":"::1 - - [17/Nov/2025:21:49:25 +0000] \"GET /health HTTP/1.1\" 200 76 \"-\" \"PostmanRuntime/7.50.0\"","service":"acquisitions-api","timestamp":"2025-11-17T21:49:25.444Z"}
{"level":"info","message":"::1 - - [17/Nov/2025:21:49:26 +0000] \"GET /health HTTP/1.1\" 200 76 \"-\" \"PostmanRuntime/7.50.0\"","service":"acquisitions-api","timestamp":"2025-11-17T21:49:26.611Z"}
{"level":"info","message":"::1 - - [17/Nov/2025:21:49:27 +0000] \"GET /health HTTP/1.1\" 200 76 \"-\" \"PostmanRuntime/7.50.0\"","service":"acquisitions-api","timestamp":"2025-11-17T21:49:27.737Z"}
{"level":"info","message":"::1 - - [17/Nov/2025:21:49:28 +0000] \"GET /health HTTP/1.1\" 200 76 \"-\" \"PostmanRuntime/7.50.0\"","service":"acquisitions-api","timestamp":"2025-11-17T21:49:28.854Z"}
{"level":"info","message":"::1 - - [17/Nov/2025:21:49:29 +0000] \"GET /health HTTP/1.1\" 200 76 \"-\" \"PostmanRuntime/7.50.0\"","service":"acquisitions-api","timestamp":"2025-11-17T21:49:29.942Z"}
{"level":"info","message":"::1 - - [17/Nov/2025:21:49:31 +0000] \"GET /health HTTP/1.1\" 200 76 \"-\" \"PostmanRuntime/7.50.0\"","service":"acquisitions-api","timestamp":"2025-11-17T21:49:31.010Z"}
{"level":"info","message":"::1 - - [17/Nov/2025:21:49:32 +0000] \"GET /health HTTP/1.1\" 200 76 \"-\" \"PostmanRuntime/7.50.0\"","service":"acquisitions-api","timestamp":"2025-11-17T21:49:32.111Z"}
{"level":"info","message":"::1 - - [17/Nov/2025:21:49:33 +0000] \"GET /health HTTP/1.1\" 200 76 \"-\" \"PostmanRuntime/7.50.0\"","service":"acquisitions-api","timestamp":"2025-11-17T21:49:33.159Z"}
{"level":"info","message":"::1 - - [17/Nov/2025:21:49:34 +0000] \"GET /health HTTP/1.1\" 200 76 \"-\" \"PostmanRuntime/7.50.0\"","service":"acquisitions-api","timestamp":"2025-11-17T21:49:34.326Z"}
{"level":"info","message":"::1 - - [17/Nov/2025:21:49:35 +0000] \"GET /health HTTP/1.1\" 200 76 \"-\" \"PostmanRuntime/7.50.0\"","service":"acquisitions-api","timestamp":"2025-11-17T21:49:35.446Z"}
{"level":"info","message":"::1 - - [17/Nov/2025:21:49:36 +0000] \"GET /health HTTP/1.1\" 200 76 \"-\" \"PostmanRuntime/7.50.0\"","service":"acquisitions-api","timestamp":"2025-11-17T21:49:36.555Z"}
{"level":"info","message":"::1 - - [17/Nov/2025:21:49:37 +0000] \"GET /health HTTP/1.1\" 200 76 \"-\" \"PostmanRuntime/7.50.0\"","service":"acquisitions-api","timestamp":"2025-11-17T21:49:37.699Z"}
{"level":"info","message":"::1 - - [17/Nov/2025:21:49:38 +0000] \"GET /health HTTP/1.1\" 200 76 \"-\" \"PostmanRuntime/7.50.0\"","service":"acquisitions-api","timestamp":"2025-11-17T21:49:38.823Z"}
{"level":"info","message":"::1 - - [17/Nov/2025:21:49:39 +0000] \"GET /health HTTP/1.1\" 200 75 \"-\" \"PostmanRuntime/7.50.0\"","service":"acquisitions-api","timestamp":"2025-11-17T21:49:39.858Z"}
{"level":"info","message":"::1 - - [17/Nov/2025:21:49:40 +0000] \"GET /health HTTP/1.1\" 200 76 \"-\" \"PostmanRuntime/7.50.0\"","service":"acquisitions-api","timestamp":"2025-11-17T21:49:40.817Z"}
{"level":"info","message":"::1 - - [17/Nov/2025:21:49:41 +0000] \"GET /health HTTP/1.1\" 200 76 \"-\" \"PostmanRuntime/7.50.0\"","service":"acquisitions-api","timestamp":"2025-11-17T21:49:41.902Z"}
{"level":"info","message":"::1 - - [17/Nov/2025:21:49:44 +0000] \"GET /health HTTP/1.1\" 200 76 \"-\" \"PostmanRuntime/7.50.0\"","service":"acquisitions-api","timestamp":"2025-11-17T21:49:44.949Z"}
{"level":"info","message":"::1 - - [17/Nov/2025:21:49:46 +0000] \"GET /health HTTP/1.1\" 200 76 \"-\" \"PostmanRuntime/7.50.0\"","service":"acquisitions-api","timestamp":"2025-11-17T21:49:46.075Z"}
{"level":"info","message":"::1 - - [17/Nov/2025:21:49:47 +0000] \"GET /health HTTP/1.1\" 200 75 \"-\" \"PostmanRuntime/7.50.0\"","service":"acquisitions-api","timestamp":"2025-11-17T21:49:47.146Z"}
{"level":"info","message":"::1 - - [17/Nov/2025:21:49:48 +0000] \"GET /health HTTP/1.1\" 200 76 \"-\" \"PostmanRuntime/7.50.0\"","service":"acquisitions-api","timestamp":"2025-11-17T21:49:48.049Z"}
{"level":"info","message":"::1 - - [17/Nov/2025:21:49:49 +0000] \"GET /health HTTP/1.1\" 200 76 \"-\" \"PostmanRuntime/7.50.0\"","service":"acquisitions-api","timestamp":"2025-11-17T21:49:49.091Z"}
{"level":"info","message":"::1 - - [17/Nov/2025:21:49:50 +0000] \"GET /health HTTP/1.1\" 200 76 \"-\" \"PostmanRuntime/7.50.0\"","service":"acquisitions-api","timestamp":"2025-11-17T21:49:50.133Z"}
{"level":"info","message":"::1 - - [17/Nov/2025:21:49:51 +0000] \"GET /health HTTP/1.1\" 200 76 \"-\" \"PostmanRuntime/7.50.0\"","service":"acquisitions-api","timestamp":"2025-11-17T21:49:51.220Z"}
{"level":"info","message":"::1 - - [17/Nov/2025:21:49:52 +0000] \"GET /health HTTP/1.1\" 200 76 \"-\" \"PostmanRuntime/7.50.0\"","service":"acquisitions-api","timestamp":"2025-11-17T21:49:52.083Z"}
{"level":"info","message":"::1 - - [17/Nov/2025:21:49:53 +0000] \"GET /health HTTP/1.1\" 200 76 \"-\" \"PostmanRuntime/7.50.0\"","service":"acquisitions-api","timestamp":"2025-11-17T21:49:53.208Z"}
{"level":"info","message":"::1 - - [17/Nov/2025:21:49:54 +0000] \"GET /health HTTP/1.1\" 200 75 \"-\" \"PostmanRuntime/7.50.0\"","service":"acquisitions-api","timestamp":"2025-11-17T21:49:54.266Z"}
{"level":"info","message":"::1 - - [17/Nov/2025:21:49:55 +0000] \"GET /health HTTP/1.1\" 200 76 \"-\" \"PostmanRuntime/7.50.0\"","service":"acquisitions-api","timestamp":"2025-11-17T21:49:55.251Z"}
{"level":"info","message":"::1 - - [17/Nov/2025:21:57:52 +0000] \"GET /health HTTP/1.1\" 200 76 \"-\" \"PostmanRuntime/7.50.0\"","service":"acquisitions-api","timestamp":"2025-11-17T21:57:52.015Z"}
{"level":"info","message":"::1 - - [17/Nov/2025:21:57:53 +0000] \"GET /health HTTP/1.1\" 200 76 \"-\" \"PostmanRuntime/7.50.0\"","service":"acquisitions-api","timestamp":"2025-11-17T21:57:53.232Z"}
{"level":"info","message":"::1 - - [17/Nov/2025:21:57:54 +0000] \"GET /health HTTP/1.1\" 200 76 \"-\" \"PostmanRuntime/7.50.0\"","service":"acquisitions-api","timestamp":"2025-11-17T21:57:54.441Z"}
{"level":"info","message":"::1 - - [17/Nov/2025:21:57:55 +0000] \"GET /health HTTP/1.1\" 200 76 \"-\" \"PostmanRuntime/7.50.0\"","service":"acquisitions-api","timestamp":"2025-11-17T21:57:55.697Z"}
{"level":"info","message":"::1 - - [17/Nov/2025:21:57:56 +0000] \"GET /health HTTP/1.1\" 200 75 \"-\" \"PostmanRuntime/7.50.0\"","service":"acquisitions-api","timestamp":"2025-11-17T21:57:56.849Z"}
{"level":"info","message":"::1 - - [17/Nov/2025:21:57:58 +0000] \"GET /health HTTP/1.1\" 200 76 \"-\" \"PostmanRuntime/7.50.0\"","service":"acquisitions-api","timestamp":"2025-11-17T21:57:58.081Z"}
{"level":"info","message":"::1 - - [17/Nov/2025:21:57:59 +0000] \"GET /health HTTP/1.1\" 200 76 \"-\" \"PostmanRuntime/7.50.0\"","service":"acquisitions-api","timestamp":"2025-11-17T21:57:59.284Z"}
{"level":"info","message":"::1 - - [17/Nov/2025:21:58:00 +0000] \"GET /health HTTP/1.1\" 200 76 \"-\" \"PostmanRuntime/7.50.0\"","service":"acquisitions-api","timestamp":"2025-11-17T21:58:00.438Z"}
{"level":"info","message":"::1 - - [17/Nov/2025:21:58:01 +0000] \"GET /health HTTP/1.1\" 200 76 \"-\" \"PostmanRuntime/7.50.0\"","service":"acquisitions-api","timestamp":"2025-11-17T21:58:01.632Z"}
{"level":"info","message":"::1 - - [17/Nov/2025:21:58:35 +0000] \"GET /health HTTP/1.1\" 200 76 \"-\" \"PostmanRuntime/7.50.0\"","service":"acquisitions-api","timestamp":"2025-11-17T21:58:35.215Z"}
{"level":"info","message":"::1 - - [17/Nov/2025:21:58:38 +0000] \"GET /health HTTP/1.1\" 200 76 \"-\" \"PostmanRuntime/7.50.0\"","service":"acquisitions-api","timestamp":"2025-11-17T21:58:38.502Z"}
{"level":"info","message":"::1 - - [17/Nov/2025:21:58:39 +0000] \"GET /health HTTP/1.1\" 200 76 \"-\" \"PostmanRuntime/7.50.0\"","service":"acquisitions-api","timestamp":"2025-11-17T21:58:39.944Z"}
{"level":"info","message":"::1 - - [17/Nov/2025:21:58:41 +0000] \"GET /health HTTP/1.1\" 200 76 \"-\" \"PostmanRuntime/7.50.0\"","service":"acquisitions-api","timestamp":"2025-11-17T21:58:41.247Z"}
{"level":"info","message":"::1 - - [17/Nov/2025:21:58:42 +0000] \"GET /health HTTP/1.1\" 200 75 \"-\" \"PostmanRuntime/7.50.0\"","service":"acquisitions-api","timestamp":"2025-11-17T21:58:42.525Z"}
{"level":"info","message":"::1 - - [17/Nov/2025:21:58:43 +0000] \"GET /health HTTP/1.1\" 200 76 \"-\" \"PostmanRuntime/7.50.0\"","service":"acquisitions-api","timestamp":"2025-11-17T21:58:43.745Z"}
{"level":"info","message":"::1 - - [17/Nov/2025:21:58:44 +0000] \"GET /health HTTP/1.1\" 200 76 \"-\" \"PostmanRuntime/7.50.0\"","service":"acquisitions-api","timestamp":"2025-11-17T21:58:44.927Z"}
{"level":"info","message":"::1 - - [17/Nov/2025:21:58:46 +0000] \"GET /health HTTP/1.1\" 200 76 \"-\" \"PostmanRuntime/7.50.0\"","service":"acquisitions-api","timestamp":"2025-11-17T21:58:46.142Z"}
{"level":"info","message":"::1 - - [17/Nov/2025:21:58:47 +0000] \"GET /health HTTP/1.1\" 200 76 \"-\" \"PostmanRuntime/7.50.0\"","service":"acquisitions-api","timestamp":"2025-11-17T21:58:47.358Z"}
{"level":"info","message":"::1 - - [17/Nov/2025:21:58:48 +0000] \"GET /health HTTP/1.1\" 200 76 \"-\" \"PostmanRuntime/7.50.0\"","service":"acquisitions-api","timestamp":"2025-11-17T21:58:48.545Z"}
{"level":"info","message":"::1 - - [17/Nov/2025:21:58:49 +0000] \"GET /health HTTP/1.1\" 200 76 \"-\" \"PostmanRuntime/7.50.0\"","service":"acquisitions-api","timestamp":"2025-11-17T21:58:49.703Z"}
{"level":"info","message":"::1 - - [17/Nov/2025:21:58:50 +0000] \"GET /health HTTP/1.1\" 200 76 \"-\" \"PostmanRuntime/7.50.0\"","service":"acquisitions-api","timestamp":"2025-11-17T21:58:50.877Z"}
{"level":"info","message":"::1 - - [17/Nov/2025:21:58:52 +0000] \"GET /health HTTP/1.1\" 200 75 \"-\" \"PostmanRuntime/7.50.0\"","service":"acquisitions-api","timestamp":"2025-11-17T21:58:52.113Z"}
{"level":"info","message":"::1 - - [17/Nov/2025:21:58:53 +0000] \"GET /health HTTP/1.1\" 200 76 \"-\" \"PostmanRuntime/7.50.0\"","service":"acquisitions-api","timestamp":"2025-11-17T21:58:53.295Z"}
{"ip":"::1","level":"warn","message":"Bot request blocked","path":"/health","service":"acquisitions-api","timestamp":"2025-11-17T22:01:00.329Z","userAgent":"PostmanRuntime/7.50.0"}
{"level":"info","message":"::1 - - [17/Nov/2025:22:01:00 +0000] \"GET /health HTTP/1.1\" 403 68 \"-\" \"PostmanRuntime/7.50.0\"","service":"acquisitions-api","timestamp":"2025-11-17T22:01:00.346Z"}
{"ip":"::1","level":"warn","message":"Bot request blocked","path":"/health","service":"acquisitions-api","timestamp":"2025-11-17T22:01:01.689Z","userAgent":"PostmanRuntime/7.50.0"}
{"level":"info","message":"::1 - - [17/Nov/2025:22:01:01 +0000] \"GET /health HTTP/1.1\" 403 68 \"-\" \"PostmanRuntime/7.50.0\"","service":"acquisitions-api","timestamp":"2025-11-17T22:01:01.691Z"}
{"ip":"::1","level":"warn","message":"Bot request blocked","path":"/health","service":"acquisitions-api","timestamp":"2025-11-17T22:01:03.026Z","userAgent":"PostmanRuntime/7.50.0"}
{"level":"info","message":"::1 - - [17/Nov/2025:22:01:03 +0000] \"GET /health HTTP/1.1\" 403 68 \"-\" \"PostmanRuntime/7.50.0\"","service":"acquisitions-api","timestamp":"2025-11-17T22:01:03.030Z"}
{"ip":"::1","level":"warn","message":"Bot request blocked","path":"/health","service":"acquisitions-api","timestamp":"2025-11-17T22:01:04.334Z","userAgent":"PostmanRuntime/7.50.0"}
{"level":"info","message":"::1 - - [17/Nov/2025:22:01:04 +0000] \"GET /health HTTP/1.1\" 403 68 \"-\" \"PostmanRuntime/7.50.0\"","service":"acquisitions-api","timestamp":"2025-11-17T22:01:04.336Z"}
{"ip":"::1","level":"warn","message":"Bot request blocked","path":"/health","service":"acquisitions-api","timestamp":"2025-11-17T22:01:06.668Z","userAgent":"PostmanRuntime/7.50.0"}
{"level":"info","message":"::1 - - [17/Nov/2025:22:01:06 +0000] \"GET /health HTTP/1.1\" 403 68 \"-\" \"PostmanRuntime/7.50.0\"","service":"acquisitions-api","timestamp":"2025-11-17T22:01:06.671Z"}
{"ip":"::1","level":"warn","message":"Bot request blocked","path":"/health","service":"acquisitions-api","timestamp":"2025-11-17T22:01:07.929Z","userAgent":"PostmanRuntime/7.50.0"}
{"level":"info","message":"::1 - - [17/Nov/2025:22:01:07 +0000] \"GET /health HTTP/1.1\" 403 68 \"-\" \"PostmanRuntime/7.50.0\"","service":"acquisitions-api","timestamp":"2025-11-17T22:01:07.934Z"}
{"ip":"::1","level":"warn","message":"Bot request blocked","path":"/health","service":"acquisitions-api","timestamp":"2025-11-17T22:01:09.169Z","userAgent":"PostmanRuntime/7.50.0"}
{"level":"info","message":"::1 - - [17/Nov/2025:22:01:09 +0000] \"GET /health HTTP/1.1\" 403 68 \"-\" \"PostmanRuntime/7.50.0\"","service":"acquisitions-api","timestamp":"2025-11-17T22:01:09.171Z"}
{"ip":"::1","level":"warn","message":"Bot request blocked","path":"/health","service":"acquisitions-api","timestamp":"2025-11-17T22:01:10.387Z","userAgent":"PostmanRuntime/7.50.0"}
{"level":"info","message":"::1 - - [17/Nov/2025:22:01:10 +0000] \"GET /health HTTP/1.1\" 403 68 \"-\" \"PostmanRuntime/7.50.0\"","service":"acquisitions-api","timestamp":"2025-11-17T22:01:10.391Z"}
{"ip":"::1","level":"warn","message":"Bot request blocked","path":"/health","service":"acquisitions-api","timestamp":"2025-11-17T22:01:11.631Z","userAgent":"PostmanRuntime/7.50.0"}
{"level":"info","message":"::1 - - [17/Nov/2025:22:01:11 +0000] \"GET /health HTTP/1.1\" 403 68 \"-\" \"PostmanRuntime/7.50.0\"","service":"acquisitions-api","timestamp":"2025-11-17T22:01:11.635Z"}
{"ip":"::1","level":"warn","message":"Shield blocked request","method":"GET","path":"/health","service":"acquisitions-api","timestamp":"2025-11-17T22:06:34.924Z","userAgent":"PostmanRuntime/7.50.0"}
{"level":"info","message":"::1 - - [17/Nov/2025:22:06:34 +0000] \"GET /health HTTP/1.1\" 403 68 \"-\" \"PostmanRuntime/7.50.0\"","service":"acquisitions-api","timestamp":"2025-11-17T22:06:34.947Z"}
{"ip":"::1","level":"warn","message":"Shield blocked request","method":"GET","path":"/health","service":"acquisitions-api","timestamp":"2025-11-17T22:06:36.453Z","userAgent":"PostmanRuntime/7.50.0"}
{"level":"info","message":"::1 - - [17/Nov/2025:22:06:36 +0000] \"GET /health HTTP/1.1\" 403 68 \"-\" \"PostmanRuntime/7.50.0\"","service":"acquisitions-api","timestamp":"2025-11-17T22:06:36.461Z"}
{"ip":"::1","level":"warn","message":"Shield blocked request","method":"GET","path":"/health","service":"acquisitions-api","timestamp":"2025-11-17T22:06:38.408Z","userAgent":"PostmanRuntime/7.50.0"}
{"level":"info","message":"::1 - - [17/Nov/2025:22:06:38 +0000] \"GET /health HTTP/1.1\" 403 68 \"-\" \"PostmanRuntime/7.50.0\"","service":"acquisitions-api","timestamp":"2025-11-17T22:06:38.413Z"}
{"ip":"::1","level":"warn","message":"Shield blocked request","method":"GET","path":"/health","service":"acquisitions-api","timestamp":"2025-11-17T22:06:39.742Z","userAgent":"PostmanRuntime/7.50.0"}
{"level":"info","message":"::1 - - [17/Nov/2025:22:06:39 +0000] \"GET /health HTTP/1.1\" 403 68 \"-\" \"PostmanRuntime/7.50.0\"","service":"acquisitions-api","timestamp":"2025-11-17T22:06:39.744Z"}
{"ip":"::1","level":"warn","message":"Shield blocked request","method":"GET","path":"/health","service":"acquisitions-api","timestamp":"2025-11-17T22:06:40.843Z","userAgent":"PostmanRuntime/7.50.0"}
{"level":"info","message":"::1 - - [17/Nov/2025:22:06:40 +0000] \"GET /health HTTP/1.1\" 403 68 \"-\" \"PostmanRuntime/7.50.0\"","service":"acquisitions-api","timestamp":"2025-11-17T22:06:40.849Z"}
{"ip":"::1","level":"warn","message":"Shield blocked request","method":"GET","path":"/health","service":"acquisitions-api","timestamp":"2025-11-17T22:06:42.018Z","userAgent":"PostmanRuntime/7.50.0"}
{"level":"info","message":"::1 - - [17/Nov/2025:22:06:42 +0000] \"GET /health HTTP/1.1\" 403 68 \"-\" \"PostmanRuntime/7.50.0\"","service":"acquisitions-api","timestamp":"2025-11-17T22:06:42.022Z"}
{"ip":"::1","level":"warn","message":"Shield blocked request","method":"GET","path":"/health","service":"acquisitions-api","timestamp":"2025-11-17T22:06:43.189Z","userAgent":"PostmanRuntime/7.50.0"}
{"level":"info","message":"::1 - - [17/Nov/2025:22:06:43 +0000] \"GET /health HTTP/1.1\" 403 68 \"-\" \"PostmanRuntime/7.50.0\"","service":"acquisitions-api","timestamp":"2025-11-17T22:06:43.193Z"}
{"ip":"::1","level":"warn","message":"Shield blocked request","method":"GET","path":"/health","service":"acquisitions-api","timestamp":"2025-11-17T22:06:44.375Z","userAgent":"PostmanRuntime/7.50.0"}
{"level":"info","message":"::1 - - [17/Nov/2025:22:06:44 +0000] \"GET /health HTTP/1.1\" 403 68 \"-\" \"PostmanRuntime/7.50.0\"","service":"acquisitions-api","timestamp":"2025-11-17T22:06:44.377Z"}
{"ip":"::1","level":"warn","message":"Shield blocked request","method":"GET","path":"/health","service":"acquisitions-api","timestamp":"2025-11-17T22:06:45.558Z","userAgent":"PostmanRuntime/7.50.0"}
{"level":"info","message":"::1 - - [17/Nov/2025:22:06:45 +0000] \"GET /health HTTP/1.1\" 403 68 \"-\" \"PostmanRuntime/7.50.0\"","service":"acquisitions-api","timestamp":"2025-11-17T22:06:45.568Z"}
{"ip":"::1","level":"warn","message":"Shield blocked request","method":"GET","path":"/health","service":"acquisitions-api","timestamp":"2025-11-17T22:06:46.821Z","userAgent":"PostmanRuntime/7.50.0"}
{"level":"info","message":"::1 - - [17/Nov/2025:22:06:46 +0000] \"GET /health HTTP/1.1\" 403 68 \"-\" \"PostmanRuntime/7.50.0\"","service":"acquisitions-api","timestamp":"2025-11-17T22:06:46.824Z"}
{"ip":"::1","level":"warn","message":"Shield blocked request","method":"GET","path":"/health","service":"acquisitions-api","timestamp":"2025-11-17T22:06:47.873Z","userAgent":"PostmanRuntime/7.50.0"}
{"level":"info","message":"::1 - - [17/Nov/2025:22:06:47 +0000] \"GET /health HTTP/1.1\" 403 68 \"-\" \"PostmanRuntime/7.50.0\"","service":"acquisitions-api","timestamp":"2025-11-17T22:06:47.876Z"}
{"ip":"::1","level":"warn","message":"Shield blocked request","method":"GET","path":"/health","service":"acquisitions-api","timestamp":"2025-11-17T22:06:49.078Z","userAgent":"PostmanRuntime/7.50.0"}
{"level":"info","message":"::1 - - [17/Nov/2025:22:06:49 +0000] \"GET /health HTTP/1.1\" 403 68 \"-\" \"PostmanRuntime/7.50.0\"","service":"acquisitions-api","timestamp":"2025-11-17T22:06:49.081Z"}
{"ip":"::1","level":"warn","message":"Shield blocked request","method":"GET","path":"/health","service":"acquisitions-api","timestamp":"2025-11-17T22:06:50.248Z","userAgent":"PostmanRuntime/7.50.0"}
{"level":"info","message":"::1 - - [17/Nov/2025:22:06:50 +0000] \"GET /health HTTP/1.1\" 403 68 \"-\" \"PostmanRuntime/7.50.0\"","service":"acquisitions-api","timestamp":"2025-11-17T22:06:50.252Z"}
{"ip":"::1","level":"warn","message":"Shield blocked request","method":"GET","path":"/health","service":"acquisitions-api","timestamp":"2025-11-17T22:06:51.490Z","userAgent":"PostmanRuntime/7.50.0"}
{"level":"info","message":"::1 - - [17/Nov/2025:22:06:51 +0000] \"GET /health HTTP/1.1\" 403 68 \"-\" \"PostmanRuntime/7.50.0\"","service":"acquisitions-api","timestamp":"2025-11-17T22:06:51.492Z"}
{"ip":"::1","level":"warn","message":"Shield blocked request","method":"GET","path":"/health","service":"acquisitions-api","timestamp":"2025-11-17T22:06:52.740Z","userAgent":"PostmanRuntime/7.50.0"}
{"level":"info","message":"::1 - - [17/Nov/2025:22:06:52 +0000] \"GET /health HTTP/1.1\" 403 68 \"-\" \"PostmanRuntime/7.50.0\"","service":"acquisitions-api","timestamp":"2025-11-17T22:06:52.744Z"}
{"ip":"::1","level":"warn","message":"Shield blocked request","method":"GET","path":"/health","service":"acquisitions-api","timestamp":"2025-11-17T22:06:53.989Z","userAgent":"PostmanRuntime/7.50.0"}
{"level":"info","message":"::1 - - [17/Nov/2025:22:06:53 +0000] \"GET /health HTTP/1.1\" 403 68 \"-\" \"PostmanRuntime/7.50.0\"","service":"acquisitions-api","timestamp":"2025-11-17T22:06:53.991Z"}
{"ip":"::1","level":"warn","message":"Shield blocked request","method":"GET","path":"/health","service":"acquisitions-api","timestamp":"2025-11-17T22:06:55.166Z","userAgent":"PostmanRuntime/7.50.0"}
{"level":"info","message":"::1 - - [17/Nov/2025:22:06:55 +0000] \"GET /health HTTP/1.1\" 403 68 \"-\" \"PostmanRuntime/7.50.0\"","service":"acquisitions-api","timestamp":"2025-11-17T22:06:55.169Z"}
{"ip":"::1","level":"warn","message":"Shield blocked request","method":"GET","path":"/health","service":"acquisitions-api","timestamp":"2025-11-17T22:06:56.350Z","userAgent":"PostmanRuntime/7.50.0"}
{"level":"info","message":"::1 - - [17/Nov/2025:22:06:56 +0000] \"GET /health HTTP/1.1\" 403 68 \"-\" \"PostmanRuntime/7.50.0\"","service":"acquisitions-api","timestamp":"2025-11-17T22:06:56.354Z"}
{"ip":"::1","level":"warn","message":"Rate Limit exceeded","path":"/health","service":"acquisitions-api","timestamp":"2025-11-17T22:08:57.701Z","userAgent":"PostmanRuntime/7.50.0"}
{"level":"info","message":"::1 - - [17/Nov/2025:22:08:57 +0000] \"GET /health HTTP/1.1\" 429 85 \"-\" \"PostmanRuntime/7.50.0\"","service":"acquisitions-api","timestamp":"2025-11-17T22:08:57.716Z"}
{"ip":"::1","level":"warn","message":"Rate Limit exceeded","path":"/health","service":"acquisitions-api","timestamp":"2025-11-17T22:08:59.884Z","userAgent":"PostmanRuntime/7.50.0"}
{"level":"info","message":"::1 - - [17/Nov/2025:22:08:59 +0000] \"GET /health HTTP/1.1\" 429 85 \"-\" \"PostmanRuntime/7.50.0\"","service":"acquisitions-api","timestamp":"2025-11-17T22:08:59.887Z"}
{"ip":"::1","level":"warn","message":"Rate Limit exceeded","path":"/health","service":"acquisitions-api","timestamp":"2025-11-17T22:09:02.562Z","userAgent":"PostmanRuntime/7.50.0"}
{"level":"info","message":"::1 - - [17/Nov/2025:22:09:02 +0000] \"GET /health HTTP/1.1\" 429 85 \"-\" \"PostmanRuntime/7.50.0\"","service":"acquisitions-api","timestamp":"2025-11-17T22:09:02.565Z"}
{"ip":"::1","level":"warn","message":"Rate Limit exceeded","path":"/api/auth","service":"acquisitions-api","timestamp":"2025-11-17T22:09:17.871Z","userAgent":"PostmanRuntime/7.50.0"}
{"level":"info","message":"::1 - - [17/Nov/2025:22:09:17 +0000] \"GET /api/auth HTTP/1.1\" 429 85 \"-\" \"PostmanRuntime/7.50.0\"","service":"acquisitions-api","timestamp":"2025-11-17T22:09:17.874Z"}
{"ip":"::1","level":"warn","message":"Rate Limit exceeded","path":"/api/auth","service":"acquisitions-api","timestamp":"2025-11-17T22:09:19.755Z","userAgent":"PostmanRuntime/7.50.0"}
{"level":"info","message":"::1 - - [17/Nov/2025:22:09:19 +0000] \"GET /api/auth HTTP/1.1\" 429 85 \"-\" \"PostmanRuntime/7.50.0\"","service":"acquisitions-api","timestamp":"2025-11-17T22:09:19.758Z"}
{"ip":"::1","level":"warn","message":"Rate Limit exceeded","path":"/health","service":"acquisitions-api","timestamp":"2025-11-17T22:09:27.740Z","userAgent":"PostmanRuntime/7.50.0"}
{"level":"info","message":"::1 - - [17/Nov/2025:22:09:27 +0000] \"GET /health HTTP/1.1\" 429 85 \"-\" \"PostmanRuntime/7.50.0\"","service":"acquisitions-api","timestamp":"2025-11-17T22:09:27.743Z"}
{"ip":"::1","level":"warn","message":"Rate Limit exceeded","path":"/health","service":"acquisitions-api","timestamp":"2025-11-17T22:09:57.069Z","userAgent":"PostmanRuntime/7.50.0"}
{"level":"info","message":"::1 - - [17/Nov/2025:22:09:57 +0000] \"GET /health HTTP/1.1\" 429 85 \"-\" \"PostmanRuntime/7.50.0\"","service":"acquisitions-api","timestamp":"2025-11-17T22:09:57.085Z"}
{"ip":"::1","level":"warn","message":"Rate Limit exceeded","path":"/health","service":"acquisitions-api","timestamp":"2025-11-17T22:09:58.958Z","userAgent":"PostmanRuntime/7.50.0"}
{"level":"info","message":"::1 - - [17/Nov/2025:22:09:58 +0000] \"GET /health HTTP/1.1\" 429 85 \"-\" \"PostmanRuntime/7.50.0\"","service":"acquisitions-api","timestamp":"2025-11-17T22:09:58.960Z"}
{"ip":"::1","level":"warn","message":"Rate Limit exceeded","path":"/health","service":"acquisitions-api","timestamp":"2025-11-17T22:12:27.196Z","userAgent":"PostmanRuntime/7.50.0"}
{"level":"info","message":"::1 - - [17/Nov/2025:22:12:27 +0000] \"GET /health HTTP/1.1\" 429 85 \"-\" \"PostmanRuntime/7.50.0\"","service":"acquisitions-api","timestamp":"2025-11-17T22:12:27.211Z"}
{"ip":"::1","level":"warn","message":"Rate Limit exceeded","path":"/health","service":"acquisitions-api","timestamp":"2025-11-17T22:12:29.037Z","userAgent":"PostmanRuntime/7.50.0"}
{"level":"info","message":"::1 - - [17/Nov/2025:22:12:29 +0000] \"GET /health HTTP/1.1\" 429 85 \"-\" \"PostmanRuntime/7.50.0\"","service":"acquisitions-api","timestamp":"2025-11-17T22:12:29.039Z"}
{"ip":"::1","level":"warn","message":"Rate Limit exceeded","path":"/health","service":"acquisitions-api","timestamp":"2025-11-17T22:12:30.538Z","userAgent":"PostmanRuntime/7.50.0"}
{"level":"info","message":"::1 - - [17/Nov/2025:22:12:30 +0000] \"GET /health HTTP/1.1\" 429 85 \"-\" \"PostmanRuntime/7.50.0\"","service":"acquisitions-api","timestamp":"2025-11-17T22:12:30.542Z"}
{"ip":"::1","level":"warn","message":"Bot request blocked","path":"/health","service":"acquisitions-api","timestamp":"2025-11-17T22:15:17.296Z","userAgent":"PostmanRuntime/7.50.0"}
{"level":"info","message":"::1 - - [17/Nov/2025:22:15:17 +0000] \"GET /health HTTP/1.1\" 403 68 \"-\" \"PostmanRuntime/7.50.0\"","service":"acquisitions-api","timestamp":"2025-11-17T22:15:17.312Z"}
